# JRE version: OpenJDK Runtime Environment (19.0.1+10) (build 19.0.1+10-21)
# Java VM: OpenJDK 64-Bit Server VM (19.0.1+10-21, mixed mode, emulated-client, sharing, tiered, compressed oops, compressed class ptrs, g1 gc, windows-amd64)
GC Precious Log:
 CardTable entry size: 512
 Card Set container configuration: InlinePtr #cards 4 size 8 Array Of Cards #cards 16 size 48 Howl #buckets 8 coarsen threshold 3686 Howl Bitmap #cards 512 size 80 coarsen threshold 460 Card regions per heap region 1 cards per card region 4096
 CPUs: 16 total, 16 available
 Memory: 15741M
 Large Page Support: Disabled
 NUMA Support: Disabled
 Compressed Oops: Enabled (Zero based)
 Heap Region Size: 2M
 Heap Min Capacity: 8M
 Heap Initial Capacity: 246M
 Heap Max Capacity: 3936M
 Pre-touch: Disabled
 Parallel Workers: 13
 Concurrent Workers: 3
 Concurrent Refinement Workers: 13
 Periodic GC: Disabled
Heap:
 garbage-first heap   total 174080K, used 57221K [0x000000070a000000, 0x0000000800000000)
  region size 2048K, 18 young (36864K), 2 survivors (4096K)
 Metaspace       used 55199K, committed 55744K, reserved 1114112K
  class space    used 7600K, committed 7872K, reserved 1048576K
GC Heap History (20 events):
Event: 0.888 GC heap before
{Heap before GC invocations=0 (full 0):
 garbage-first heap   total 251904K, used 20480K [0x000000070a000000, 0x0000000800000000)
  region size 2048K, 11 young (22528K), 0 survivors (0K)
 Metaspace       used 5897K, committed 6080K, reserved 1114112K
  class space    used 672K, committed 768K, reserved 1048576K
}
Event: 0.908 GC heap after
{Heap after GC invocations=1 (full 0):
 garbage-first heap   total 251904K, used 9056K [0x000000070a000000, 0x0000000800000000)
  region size 2048K, 2 young (4096K), 2 survivors (4096K)
 Metaspace       used 5897K, committed 6080K, reserved 1114112K
  class space    used 672K, committed 768K, reserved 1048576K
}
Event: 1.394 GC heap before
{Heap before GC invocations=1 (full 0):
 garbage-first heap   total 251904K, used 31584K [0x000000070a000000, 0x0000000800000000)
  region size 2048K, 13 young (26624K), 2 survivors (4096K)
 Metaspace       used 11179K, committed 11456K, reserved 1114112K
  class space    used 1448K, committed 1600K, reserved 1048576K
}
Event: 1.406 GC heap after
{Heap after GC invocations=2 (full 0):
 garbage-first heap   total 251904K, used 10997K [0x000000070a000000, 0x0000000800000000)
  region size 2048K, 2 young (4096K), 2 survivors (4096K)
 Metaspace       used 11179K, committed 11456K, reserved 1114112K
  class space    used 1448K, committed 1600K, reserved 1048576K
}
Event: 2.035 GC heap before
{Heap before GC invocations=2 (full 0):
 garbage-first heap   total 251904K, used 58101K [0x000000070a000000, 0x0000000800000000)
  region size 2048K, 25 young (51200K), 2 survivors (4096K)
 Metaspace       used 19755K, committed 20160K, reserved 1114112K
  class space    used 2543K, committed 2752K, reserved 1048576K
}
Event: 2.052 GC heap after
{Heap after GC invocations=3 (full 0):
 garbage-first heap   total 251904K, used 14150K [0x000000070a000000, 0x0000000800000000)
  region size 2048K, 3 young (6144K), 3 survivors (6144K)
 Metaspace       used 19755K, committed 20160K, reserved 1114112K
  class space    used 2543K, committed 2752K, reserved 1048576K
}
Event: 2.236 GC heap before
{Heap before GC invocations=3 (full 0):
 garbage-first heap   total 251904K, used 26438K [0x000000070a000000, 0x0000000800000000)
  region size 2048K, 10 young (20480K), 3 survivors (6144K)
 Metaspace       used 21115K, committed 21504K, reserved 1114112K
  class space    used 2738K, committed 2944K, reserved 1048576K
}
Event: 2.239 GC heap after
{Heap after GC invocations=4 (full 0):
 garbage-first heap   total 251904K, used 14718K [0x000000070a000000, 0x0000000800000000)
  region size 2048K, 3 young (6144K), 3 survivors (6144K)
 Metaspace       used 21115K, committed 21504K, reserved 1114112K
  class space    used 2738K, committed 2944K, reserved 1048576K
}
Event: 2.706 GC heap before
{Heap before GC invocations=5 (full 0):
 garbage-first heap   total 61440K, used 45438K [0x000000070a000000, 0x0000000800000000)
  region size 2048K, 18 young (36864K), 3 survivors (6144K)
 Metaspace       used 25141K, committed 25536K, reserved 1114112K
  class space    used 3401K, committed 3584K, reserved 1048576K
}
Event: 2.715 GC heap after
{Heap after GC invocations=6 (full 0):
 garbage-first heap   total 157696K, used 17110K [0x000000070a000000, 0x0000000800000000)
  region size 2048K, 2 young (4096K), 2 survivors (4096K)
 Metaspace       used 25141K, committed 25536K, reserved 1114112K
  class space    used 3401K, committed 3584K, reserved 1048576K
}
Event: 2.738 GC heap before
{Heap before GC invocations=6 (full 0):
 garbage-first heap   total 157696K, used 19158K [0x000000070a000000, 0x0000000800000000)
  region size 2048K, 3 young (6144K), 2 survivors (4096K)
 Metaspace       used 25239K, committed 25600K, reserved 1114112K
  class space    used 3415K, committed 3584K, reserved 1048576K
}
Event: 2.742 GC heap after
{Heap after GC invocations=7 (full 0):
 garbage-first heap   total 157696K, used 17575K [0x000000070a000000, 0x0000000800000000)
  region size 2048K, 1 young (2048K), 1 survivors (2048K)
 Metaspace       used 25239K, committed 25600K, reserved 1114112K
  class space    used 3415K, committed 3584K, reserved 1048576K
}
Event: 3.709 GC heap before
{Heap before GC invocations=7 (full 0):
 garbage-first heap   total 157696K, used 60583K [0x000000070a000000, 0x0000000800000000)
  region size 2048K, 24 young (49152K), 1 survivors (2048K)
 Metaspace       used 35600K, committed 35968K, reserved 1114112K
  class space    used 4820K, committed 4992K, reserved 1048576K
}
Event: 3.719 GC heap after
{Heap after GC invocations=8 (full 0):
 garbage-first heap   total 157696K, used 20105K [0x000000070a000000, 0x0000000800000000)
  region size 2048K, 2 young (4096K), 2 survivors (4096K)
 Metaspace       used 35600K, committed 35968K, reserved 1114112K
  class space    used 4820K, committed 4992K, reserved 1048576K
}
Event: 5.080 GC heap before
{Heap before GC invocations=9 (full 0):
 garbage-first heap   total 81920K, used 65161K [0x000000070a000000, 0x0000000800000000)
  region size 2048K, 24 young (49152K), 2 survivors (4096K)
 Metaspace       used 45979K, committed 46400K, reserved 1114112K
  class space    used 6386K, committed 6592K, reserved 1048576K
}
Event: 5.085 GC heap after
{Heap after GC invocations=10 (full 0):
 garbage-first heap   total 81920K, used 23578K [0x000000070a000000, 0x0000000800000000)
  region size 2048K, 3 young (6144K), 3 survivors (6144K)
 Metaspace       used 45979K, committed 46400K, reserved 1114112K
  class space    used 6386K, committed 6592K, reserved 1048576K
}
Event: 5.100 GC heap before
{Heap before GC invocations=10 (full 0):
 garbage-first heap   total 81920K, used 25626K [0x000000070a000000, 0x0000000800000000)
  region size 2048K, 4 young (8192K), 3 survivors (6144K)
 Metaspace       used 46135K, committed 46528K, reserved 1114112K
  class space    used 6401K, committed 6592K, reserved 1048576K
}
Event: 5.109 GC heap after
{Heap after GC invocations=11 (full 0):
 garbage-first heap   total 81920K, used 24270K [0x000000070a000000, 0x0000000800000000)
  region size 2048K, 1 young (2048K), 1 survivors (2048K)
 Metaspace       used 46135K, committed 46528K, reserved 1114112K
  class space    used 6401K, committed 6592K, reserved 1048576K
}
Event: 5.589 GC heap before
{Heap before GC invocations=11 (full 0):
 garbage-first heap   total 81920K, used 57038K [0x000000070a000000, 0x0000000800000000)
  region size 2048K, 18 young (36864K), 1 survivors (2048K)
 Metaspace       used 52157K, committed 52544K, reserved 1114112K
  class space    used 7176K, committed 7360K, reserved 1048576K
}
Event: 5.592 GC heap after
{Heap after GC invocations=12 (full 0):
 garbage-first heap   total 174080K, used 26501K [0x000000070a000000, 0x0000000800000000)
  region size 2048K, 2 young (4096K), 2 survivors (4096K)
 Metaspace       used 52157K, committed 52544K, reserved 1114112K
  class space    used 7176K, committed 7360K, reserved 1048576K
}

